;  LST file generated by mikroListExporter - v.2.0 
; Date/Time: 18-Dec-16 12:06:37 PM
;----------------------------------------------

;Address Opcode 	ASM
0x0000	0x2A72      	GOTO       626
_Delay_50us:
;__Lib_Delays.c,19 :: 		void Delay_50us() {
;__Lib_Delays.c,20 :: 		Delay_us(50);
0x0003	0x3021      	MOVLW      33
0x0004	0x1283      	BCF        STATUS, 5
0x0005	0x1303      	BCF        STATUS, 6
0x0006	0x00FD      	MOVWF      R13
L_Delay_50us2:
0x0007	0x0BFD      	DECFSZ     R13, 1
0x0008	0x2807      	GOTO       L_Delay_50us2
;__Lib_Delays.c,21 :: 		}
L_end_Delay_50us:
0x0009	0x0008      	RETURN
; end of _Delay_50us
_Delay_1us:
;__Lib_Delays.c,7 :: 		void Delay_1us() {
;__Lib_Delays.c,8 :: 		Delay_us(1);
0x000A	0x0000      	NOP
0x000B	0x0000      	NOP
;__Lib_Delays.c,9 :: 		}
L_end_Delay_1us:
0x000C	0x0008      	RETURN
; end of _Delay_1us
_Delay_5500us:
;__Lib_Delays.c,31 :: 		void Delay_5500us() {
;__Lib_Delays.c,32 :: 		Delay_us(5500);
0x000D	0x300F      	MOVLW      15
0x000E	0x1283      	BCF        STATUS, 5
0x000F	0x1303      	BCF        STATUS, 6
0x0010	0x00FC      	MOVWF      R12
0x0011	0x3047      	MOVLW      71
0x0012	0x00FD      	MOVWF      R13
L_Delay_5500us5:
0x0013	0x0BFD      	DECFSZ     R13, 1
0x0014	0x2813      	GOTO       L_Delay_5500us5
0x0015	0x0BFC      	DECFSZ     R12, 1
0x0016	0x2813      	GOTO       L_Delay_5500us5
0x0017	0x0000      	NOP
0x0018	0x0000      	NOP
;__Lib_Delays.c,33 :: 		}
L_end_Delay_5500us:
0x0019	0x0008      	RETURN
; end of _Delay_5500us
_Lcd_Cmd:
;__Lib_Lcd.c,18 :: 		
;__Lib_Lcd.c,20 :: 		
0x001A	0x1283      	BCF        STATUS, 5
0x001B	0x1703      	BSF        STATUS, 6
0x001C	0x1BEC      	BTFSC      FARG_Lcd_Cmd_out_char, 7
0x001D	0x2820      	GOTO       L__Lcd_Cmd21
0x001E	0x1386      	BCF        LCD_D7, BitPos(LCD_D7+0)
0x001F	0x2821      	GOTO       L__Lcd_Cmd22
L__Lcd_Cmd21:
0x0020	0x1786      	BSF        LCD_D7, BitPos(LCD_D7+0)
L__Lcd_Cmd22:
;__Lib_Lcd.c,21 :: 		
0x0021	0x1B6C      	BTFSC      FARG_Lcd_Cmd_out_char, 6
0x0022	0x2825      	GOTO       L__Lcd_Cmd23
0x0023	0x1306      	BCF        LCD_D6, BitPos(LCD_D6+0)
0x0024	0x2826      	GOTO       L__Lcd_Cmd24
L__Lcd_Cmd23:
0x0025	0x1706      	BSF        LCD_D6, BitPos(LCD_D6+0)
L__Lcd_Cmd24:
;__Lib_Lcd.c,22 :: 		
0x0026	0x1AEC      	BTFSC      FARG_Lcd_Cmd_out_char, 5
0x0027	0x282A      	GOTO       L__Lcd_Cmd25
0x0028	0x1286      	BCF        LCD_D5, BitPos(LCD_D5+0)
0x0029	0x282B      	GOTO       L__Lcd_Cmd26
L__Lcd_Cmd25:
0x002A	0x1686      	BSF        LCD_D5, BitPos(LCD_D5+0)
L__Lcd_Cmd26:
;__Lib_Lcd.c,23 :: 		
0x002B	0x1A6C      	BTFSC      FARG_Lcd_Cmd_out_char, 4
0x002C	0x282F      	GOTO       L__Lcd_Cmd27
0x002D	0x1206      	BCF        LCD_D4, BitPos(LCD_D4+0)
0x002E	0x2830      	GOTO       L__Lcd_Cmd28
L__Lcd_Cmd27:
0x002F	0x1606      	BSF        LCD_D4, BitPos(LCD_D4+0)
L__Lcd_Cmd28:
;__Lib_Lcd.c,25 :: 		
0x0030	0x185F      	BTFSC      __Lib_Lcd_cmd_status, BitPos(__Lib_Lcd_cmd_status+0)
0x0031	0x2834      	GOTO       L__Lcd_Cmd29
0x0032	0x1506      	BSF        LCD_RS, BitPos(LCD_RS+0)
0x0033	0x2835      	GOTO       L__Lcd_Cmd30
L__Lcd_Cmd29:
0x0034	0x1106      	BCF        LCD_RS, BitPos(LCD_RS+0)
L__Lcd_Cmd30:
;__Lib_Lcd.c,28 :: 		
0x0035	0x1586      	BSF        LCD_EN, BitPos(LCD_EN+0)
;__Lib_Lcd.c,29 :: 		
0x0036	0x200A      	CALL       _Delay_1us
;__Lib_Lcd.c,30 :: 		
0x0037	0x1186      	BCF        LCD_EN, BitPos(LCD_EN+0)
;__Lib_Lcd.c,33 :: 		
0x0038	0x19EC      	BTFSC      FARG_Lcd_Cmd_out_char, 3
0x0039	0x283C      	GOTO       L__Lcd_Cmd31
0x003A	0x1386      	BCF        LCD_D7, BitPos(LCD_D7+0)
0x003B	0x283D      	GOTO       L__Lcd_Cmd32
L__Lcd_Cmd31:
0x003C	0x1786      	BSF        LCD_D7, BitPos(LCD_D7+0)
L__Lcd_Cmd32:
;__Lib_Lcd.c,34 :: 		
0x003D	0x196C      	BTFSC      FARG_Lcd_Cmd_out_char, 2
0x003E	0x2841      	GOTO       L__Lcd_Cmd33
0x003F	0x1306      	BCF        LCD_D6, BitPos(LCD_D6+0)
0x0040	0x2842      	GOTO       L__Lcd_Cmd34
L__Lcd_Cmd33:
0x0041	0x1706      	BSF        LCD_D6, BitPos(LCD_D6+0)
L__Lcd_Cmd34:
;__Lib_Lcd.c,35 :: 		
0x0042	0x18EC      	BTFSC      FARG_Lcd_Cmd_out_char, 1
0x0043	0x2846      	GOTO       L__Lcd_Cmd35
0x0044	0x1286      	BCF        LCD_D5, BitPos(LCD_D5+0)
0x0045	0x2847      	GOTO       L__Lcd_Cmd36
L__Lcd_Cmd35:
0x0046	0x1686      	BSF        LCD_D5, BitPos(LCD_D5+0)
L__Lcd_Cmd36:
;__Lib_Lcd.c,36 :: 		
0x0047	0x186C      	BTFSC      FARG_Lcd_Cmd_out_char, 0
0x0048	0x284B      	GOTO       L__Lcd_Cmd37
0x0049	0x1206      	BCF        LCD_D4, BitPos(LCD_D4+0)
0x004A	0x284C      	GOTO       L__Lcd_Cmd38
L__Lcd_Cmd37:
0x004B	0x1606      	BSF        LCD_D4, BitPos(LCD_D4+0)
L__Lcd_Cmd38:
;__Lib_Lcd.c,38 :: 		
0x004C	0x185F      	BTFSC      __Lib_Lcd_cmd_status, BitPos(__Lib_Lcd_cmd_status+0)
0x004D	0x2850      	GOTO       L__Lcd_Cmd39
0x004E	0x1506      	BSF        LCD_RS, BitPos(LCD_RS+0)
0x004F	0x2851      	GOTO       L__Lcd_Cmd40
L__Lcd_Cmd39:
0x0050	0x1106      	BCF        LCD_RS, BitPos(LCD_RS+0)
L__Lcd_Cmd40:
;__Lib_Lcd.c,40 :: 		
0x0051	0x1586      	BSF        LCD_EN, BitPos(LCD_EN+0)
;__Lib_Lcd.c,41 :: 		
0x0052	0x200A      	CALL       _Delay_1us
;__Lib_Lcd.c,42 :: 		
0x0053	0x1186      	BCF        LCD_EN, BitPos(LCD_EN+0)
;__Lib_Lcd.c,44 :: 		
0x0054	0x1C5F      	BTFSS      __Lib_Lcd_cmd_status, BitPos(__Lib_Lcd_cmd_status+0)
0x0055	0x2858      	GOTO       L_Lcd_Cmd0
;__Lib_Lcd.c,45 :: 		
0x0056	0x200D      	CALL       _Delay_5500us
0x0057	0x2859      	GOTO       L_Lcd_Cmd1
L_Lcd_Cmd0:
;__Lib_Lcd.c,47 :: 		
0x0058	0x2003      	CALL       _Delay_50us
L_Lcd_Cmd1:
;__Lib_Lcd.c,48 :: 		
L_end_Lcd_Cmd:
0x0059	0x0008      	RETURN
; end of _Lcd_Cmd
_Lcd_Chr_CP:
;__Lib_Lcd.c,50 :: 		
;__Lib_Lcd.c,52 :: 		
0x005A	0x1283      	BCF        STATUS, 5
0x005B	0x1703      	BSF        STATUS, 6
0x005C	0x105F      	BCF        __Lib_Lcd_cmd_status, BitPos(__Lib_Lcd_cmd_status+0)
;__Lib_Lcd.c,53 :: 		
0x005D	0x086B      	MOVF       FARG_Lcd_Chr_CP_out_char, 0
0x005E	0x00EC      	MOVWF      FARG_Lcd_Cmd_out_char
0x005F	0x201A      	CALL       _Lcd_Cmd
;__Lib_Lcd.c,54 :: 		
0x0060	0x1703      	BSF        STATUS, 6
0x0061	0x145F      	BSF        __Lib_Lcd_cmd_status, BitPos(__Lib_Lcd_cmd_status+0)
;__Lib_Lcd.c,55 :: 		
L_end_Lcd_Chr_CP:
0x0062	0x0008      	RETURN
; end of _Lcd_Chr_CP
_Lcd_Out:
;__Lib_Lcd.c,184 :: 		
;__Lib_Lcd.c,187 :: 		
0x0063	0x2875      	GOTO       L_Lcd_Out11
;__Lib_Lcd.c,188 :: 		
L_Lcd_Out13:
0x0064	0x3080      	MOVLW      128
0x0065	0x1283      	BCF        STATUS, 5
0x0066	0x1703      	BSF        STATUS, 6
0x0067	0x00E7      	MOVWF      FARG_Lcd_Out_row
0x0068	0x2888      	GOTO       L_Lcd_Out12
;__Lib_Lcd.c,189 :: 		
L_Lcd_Out14:
0x0069	0x30C0      	MOVLW      192
0x006A	0x00E7      	MOVWF      FARG_Lcd_Out_row
0x006B	0x2888      	GOTO       L_Lcd_Out12
;__Lib_Lcd.c,190 :: 		
L_Lcd_Out15:
0x006C	0x3094      	MOVLW      148
0x006D	0x00E7      	MOVWF      FARG_Lcd_Out_row
0x006E	0x2888      	GOTO       L_Lcd_Out12
;__Lib_Lcd.c,191 :: 		
L_Lcd_Out16:
0x006F	0x30D4      	MOVLW      212
0x0070	0x00E7      	MOVWF      FARG_Lcd_Out_row
0x0071	0x2888      	GOTO       L_Lcd_Out12
;__Lib_Lcd.c,192 :: 		
L_Lcd_Out17:
0x0072	0x3080      	MOVLW      128
0x0073	0x00E7      	MOVWF      FARG_Lcd_Out_row
;__Lib_Lcd.c,193 :: 		
0x0074	0x2888      	GOTO       L_Lcd_Out12
L_Lcd_Out11:
0x0075	0x1283      	BCF        STATUS, 5
0x0076	0x1703      	BSF        STATUS, 6
0x0077	0x0867      	MOVF       FARG_Lcd_Out_row, 0
0x0078	0x3A01      	XORLW      1
0x0079	0x1903      	BTFSC      STATUS, 2
0x007A	0x2864      	GOTO       L_Lcd_Out13
0x007B	0x0867      	MOVF       FARG_Lcd_Out_row, 0
0x007C	0x3A02      	XORLW      2
0x007D	0x1903      	BTFSC      STATUS, 2
0x007E	0x2869      	GOTO       L_Lcd_Out14
0x007F	0x0867      	MOVF       FARG_Lcd_Out_row, 0
0x0080	0x3A03      	XORLW      3
0x0081	0x1903      	BTFSC      STATUS, 2
0x0082	0x286C      	GOTO       L_Lcd_Out15
0x0083	0x0867      	MOVF       FARG_Lcd_Out_row, 0
0x0084	0x3A04      	XORLW      4
0x0085	0x1903      	BTFSC      STATUS, 2
0x0086	0x286F      	GOTO       L_Lcd_Out16
0x0087	0x2872      	GOTO       L_Lcd_Out17
L_Lcd_Out12:
;__Lib_Lcd.c,194 :: 		
0x0088	0x0368      	DECF       FARG_Lcd_Out_column, 0
0x0089	0x00F0      	MOVWF      R0
0x008A	0x0867      	MOVF       FARG_Lcd_Out_row, 0
0x008B	0x07F0      	ADDWF      R0, 1
0x008C	0x0870      	MOVF       R0, 0
0x008D	0x00E7      	MOVWF      FARG_Lcd_Out_row
;__Lib_Lcd.c,196 :: 		
0x008E	0x0870      	MOVF       R0, 0
0x008F	0x00EC      	MOVWF      FARG_Lcd_Cmd_out_char
0x0090	0x201A      	CALL       _Lcd_Cmd
;__Lib_Lcd.c,197 :: 		
0x0091	0x1703      	BSF        STATUS, 6
0x0092	0x105F      	BCF        __Lib_Lcd_cmd_status, BitPos(__Lib_Lcd_cmd_status+0)
;__Lib_Lcd.c,198 :: 		
0x0093	0x01EA      	CLRF       Lcd_Out_i_L0
;__Lib_Lcd.c,199 :: 		
L_Lcd_Out18:
0x0094	0x086A      	MOVF       Lcd_Out_i_L0, 0
0x0095	0x0769      	ADDWF      FARG_Lcd_Out_text, 0
0x0096	0x0084      	MOVWF      FSR
0x0097	0x0800      	MOVF       INDF, 0
0x0098	0x1903      	BTFSC      STATUS, 2
0x0099	0x28A2      	GOTO       L_Lcd_Out19
;__Lib_Lcd.c,200 :: 		
0x009A	0x086A      	MOVF       Lcd_Out_i_L0, 0
0x009B	0x0769      	ADDWF      FARG_Lcd_Out_text, 0
0x009C	0x0084      	MOVWF      FSR
0x009D	0x0800      	MOVF       INDF, 0
0x009E	0x00EB      	MOVWF      FARG_Lcd_Chr_CP_out_char
0x009F	0x205A      	CALL       _Lcd_Chr_CP
0x00A0	0x0AEA      	INCF       Lcd_Out_i_L0, 1
0x00A1	0x2894      	GOTO       L_Lcd_Out18
L_Lcd_Out19:
;__Lib_Lcd.c,201 :: 		
0x00A2	0x145F      	BSF        __Lib_Lcd_cmd_status, BitPos(__Lib_Lcd_cmd_status+0)
;__Lib_Lcd.c,202 :: 		
L_end_Lcd_Out:
0x00A3	0x0008      	RETURN
; end of _Lcd_Out
_Lcd_Init:
;__Lib_Lcd.c,84 :: 		
;__Lib_Lcd.c,86 :: 		
0x00A4	0x1683      	BSF        STATUS, 5
0x00A5	0x1303      	BCF        STATUS, 6
0x00A6	0x1186      	BCF        LCD_EN_Direction, BitPos(LCD_EN_Direction+0)
;__Lib_Lcd.c,87 :: 		
0x00A7	0x1106      	BCF        LCD_RS_Direction, BitPos(LCD_RS_Direction+0)
;__Lib_Lcd.c,88 :: 		
0x00A8	0x1206      	BCF        LCD_D4_Direction, BitPos(LCD_D4_Direction+0)
;__Lib_Lcd.c,89 :: 		
0x00A9	0x1286      	BCF        LCD_D5_Direction, BitPos(LCD_D5_Direction+0)
;__Lib_Lcd.c,90 :: 		
0x00AA	0x1306      	BCF        LCD_D6_Direction, BitPos(LCD_D6_Direction+0)
;__Lib_Lcd.c,91 :: 		
0x00AB	0x1386      	BCF        LCD_D7_Direction, BitPos(LCD_D7_Direction+0)
;__Lib_Lcd.c,93 :: 		
0x00AC	0x1283      	BCF        STATUS, 5
0x00AD	0x1186      	BCF        LCD_EN, BitPos(LCD_EN+0)
;__Lib_Lcd.c,94 :: 		
0x00AE	0x1106      	BCF        LCD_RS, BitPos(LCD_RS+0)
;__Lib_Lcd.c,95 :: 		
0x00AF	0x1386      	BCF        LCD_D7, BitPos(LCD_D7+0)
;__Lib_Lcd.c,96 :: 		
0x00B0	0x1306      	BCF        LCD_D6, BitPos(LCD_D6+0)
;__Lib_Lcd.c,97 :: 		
0x00B1	0x1286      	BCF        LCD_D5, BitPos(LCD_D5+0)
;__Lib_Lcd.c,98 :: 		
0x00B2	0x1206      	BCF        LCD_D4, BitPos(LCD_D4+0)
;__Lib_Lcd.c,100 :: 		
0x00B3	0x200D      	CALL       _Delay_5500us
;__Lib_Lcd.c,101 :: 		
0x00B4	0x200D      	CALL       _Delay_5500us
;__Lib_Lcd.c,102 :: 		
0x00B5	0x200D      	CALL       _Delay_5500us
;__Lib_Lcd.c,105 :: 		
0x00B6	0x1686      	BSF        LCD_D5, BitPos(LCD_D5+0)
;__Lib_Lcd.c,106 :: 		
0x00B7	0x1606      	BSF        LCD_D4, BitPos(LCD_D4+0)
;__Lib_Lcd.c,107 :: 		
0x00B8	0x1586      	BSF        LCD_EN, BitPos(LCD_EN+0)
;__Lib_Lcd.c,108 :: 		
0x00B9	0x200A      	CALL       _Delay_1us
;__Lib_Lcd.c,109 :: 		
0x00BA	0x1186      	BCF        LCD_EN, BitPos(LCD_EN+0)
;__Lib_Lcd.c,110 :: 		
0x00BB	0x200D      	CALL       _Delay_5500us
;__Lib_Lcd.c,112 :: 		
0x00BC	0x1586      	BSF        LCD_EN, BitPos(LCD_EN+0)
;__Lib_Lcd.c,113 :: 		
0x00BD	0x200A      	CALL       _Delay_1us
;__Lib_Lcd.c,114 :: 		
0x00BE	0x1186      	BCF        LCD_EN, BitPos(LCD_EN+0)
;__Lib_Lcd.c,115 :: 		
0x00BF	0x200D      	CALL       _Delay_5500us
;__Lib_Lcd.c,117 :: 		
0x00C0	0x1586      	BSF        LCD_EN, BitPos(LCD_EN+0)
;__Lib_Lcd.c,118 :: 		
0x00C1	0x200A      	CALL       _Delay_1us
;__Lib_Lcd.c,119 :: 		
0x00C2	0x1186      	BCF        LCD_EN, BitPos(LCD_EN+0)
;__Lib_Lcd.c,120 :: 		
0x00C3	0x200D      	CALL       _Delay_5500us
;__Lib_Lcd.c,123 :: 		
0x00C4	0x1206      	BCF        LCD_D4, BitPos(LCD_D4+0)
;__Lib_Lcd.c,124 :: 		
0x00C5	0x1586      	BSF        LCD_EN, BitPos(LCD_EN+0)
;__Lib_Lcd.c,125 :: 		
0x00C6	0x200A      	CALL       _Delay_1us
;__Lib_Lcd.c,126 :: 		
0x00C7	0x1186      	BCF        LCD_EN, BitPos(LCD_EN+0)
;__Lib_Lcd.c,127 :: 		
0x00C8	0x200D      	CALL       _Delay_5500us
;__Lib_Lcd.c,130 :: 		
0x00C9	0x1586      	BSF        LCD_EN, BitPos(LCD_EN+0)
;__Lib_Lcd.c,131 :: 		
0x00CA	0x200A      	CALL       _Delay_1us
;__Lib_Lcd.c,132 :: 		
0x00CB	0x1186      	BCF        LCD_EN, BitPos(LCD_EN+0)
;__Lib_Lcd.c,134 :: 		
0x00CC	0x1286      	BCF        LCD_D5, BitPos(LCD_D5+0)
;__Lib_Lcd.c,135 :: 		
0x00CD	0x1786      	BSF        LCD_D7, BitPos(LCD_D7+0)
;__Lib_Lcd.c,136 :: 		
0x00CE	0x1586      	BSF        LCD_EN, BitPos(LCD_EN+0)
;__Lib_Lcd.c,137 :: 		
0x00CF	0x200A      	CALL       _Delay_1us
;__Lib_Lcd.c,138 :: 		
0x00D0	0x1186      	BCF        LCD_EN, BitPos(LCD_EN+0)
;__Lib_Lcd.c,139 :: 		
0x00D1	0x200D      	CALL       _Delay_5500us
;__Lib_Lcd.c,142 :: 		
0x00D2	0x1386      	BCF        LCD_D7, BitPos(LCD_D7+0)
;__Lib_Lcd.c,143 :: 		
0x00D3	0x1606      	BSF        LCD_D4, BitPos(LCD_D4+0)
;__Lib_Lcd.c,144 :: 		
0x00D4	0x1586      	BSF        LCD_EN, BitPos(LCD_EN+0)
;__Lib_Lcd.c,145 :: 		
0x00D5	0x200A      	CALL       _Delay_1us
;__Lib_Lcd.c,146 :: 		
0x00D6	0x1186      	BCF        LCD_EN, BitPos(LCD_EN+0)
;__Lib_Lcd.c,148 :: 		
0x00D7	0x1206      	BCF        LCD_D4, BitPos(LCD_D4+0)
;__Lib_Lcd.c,149 :: 		
0x00D8	0x1586      	BSF        LCD_EN, BitPos(LCD_EN+0)
;__Lib_Lcd.c,150 :: 		
0x00D9	0x200A      	CALL       _Delay_1us
;__Lib_Lcd.c,151 :: 		
0x00DA	0x1186      	BCF        LCD_EN, BitPos(LCD_EN+0)
;__Lib_Lcd.c,152 :: 		
0x00DB	0x200D      	CALL       _Delay_5500us
;__Lib_Lcd.c,155 :: 		
0x00DC	0x1586      	BSF        LCD_EN, BitPos(LCD_EN+0)
;__Lib_Lcd.c,156 :: 		
0x00DD	0x200A      	CALL       _Delay_1us
;__Lib_Lcd.c,157 :: 		
0x00DE	0x1186      	BCF        LCD_EN, BitPos(LCD_EN+0)
;__Lib_Lcd.c,159 :: 		
0x00DF	0x1606      	BSF        LCD_D4, BitPos(LCD_D4+0)
;__Lib_Lcd.c,160 :: 		
0x00E0	0x1586      	BSF        LCD_EN, BitPos(LCD_EN+0)
;__Lib_Lcd.c,161 :: 		
0x00E1	0x200A      	CALL       _Delay_1us
;__Lib_Lcd.c,162 :: 		
0x00E2	0x1186      	BCF        LCD_EN, BitPos(LCD_EN+0)
;__Lib_Lcd.c,163 :: 		
0x00E3	0x200D      	CALL       _Delay_5500us
;__Lib_Lcd.c,166 :: 		
0x00E4	0x1206      	BCF        LCD_D4, BitPos(LCD_D4+0)
;__Lib_Lcd.c,167 :: 		
0x00E5	0x1586      	BSF        LCD_EN, BitPos(LCD_EN+0)
;__Lib_Lcd.c,168 :: 		
0x00E6	0x200A      	CALL       _Delay_1us
;__Lib_Lcd.c,169 :: 		
0x00E7	0x1186      	BCF        LCD_EN, BitPos(LCD_EN+0)
;__Lib_Lcd.c,171 :: 		
0x00E8	0x1786      	BSF        LCD_D7, BitPos(LCD_D7+0)
;__Lib_Lcd.c,172 :: 		
0x00E9	0x1706      	BSF        LCD_D6, BitPos(LCD_D6+0)
;__Lib_Lcd.c,173 :: 		
0x00EA	0x1686      	BSF        LCD_D5, BitPos(LCD_D5+0)
;__Lib_Lcd.c,174 :: 		
0x00EB	0x1606      	BSF        LCD_D4, BitPos(LCD_D4+0)
;__Lib_Lcd.c,175 :: 		
0x00EC	0x1586      	BSF        LCD_EN, BitPos(LCD_EN+0)
;__Lib_Lcd.c,176 :: 		
0x00ED	0x200A      	CALL       _Delay_1us
;__Lib_Lcd.c,177 :: 		
0x00EE	0x1186      	BCF        LCD_EN, BitPos(LCD_EN+0)
;__Lib_Lcd.c,179 :: 		
0x00EF	0x200D      	CALL       _Delay_5500us
;__Lib_Lcd.c,181 :: 		
0x00F0	0x1703      	BSF        STATUS, 6
0x00F1	0x145F      	BSF        __Lib_Lcd_cmd_status, BitPos(__Lib_Lcd_cmd_status+0)
;__Lib_Lcd.c,182 :: 		
L_end_Lcd_Init:
0x00F2	0x0008      	RETURN
; end of _Lcd_Init
_inputTime:
;MainMenu.c,120 :: 		inputTime(int mode, char *text)   //Dummy function
;MainMenu.c,122 :: 		while(1){
L_inputTime0:
;MainMenu.c,123 :: 		Lcd_Cmd(_LCD_CLEAR);
0x00F3	0x3001      	MOVLW      1
0x00F4	0x1283      	BCF        STATUS, 5
0x00F5	0x1703      	BSF        STATUS, 6
0x00F6	0x00EC      	MOVWF      FARG_Lcd_Cmd_out_char
0x00F7	0x201A      	CALL       _Lcd_Cmd
;MainMenu.c,124 :: 		Lcd_out(1,1, "Time Input Mode ");
0x00F8	0x3001      	MOVLW      1
0x00F9	0x1703      	BSF        STATUS, 6
0x00FA	0x00E7      	MOVWF      FARG_Lcd_Out_row
0x00FB	0x3001      	MOVLW      1
0x00FC	0x00E8      	MOVWF      FARG_Lcd_Out_column
0x00FD	0x30A0      	MOVLW      ?lstr6_MainMenu
0x00FE	0x00E9      	MOVWF      FARG_Lcd_Out_text
0x00FF	0x2063      	CALL       _Lcd_Out
;MainMenu.c,125 :: 		Lcd_out(1,1, "It is working   ");}
0x0100	0x3001      	MOVLW      1
0x0101	0x00E7      	MOVWF      FARG_Lcd_Out_row
0x0102	0x3001      	MOVLW      1
0x0103	0x00E8      	MOVWF      FARG_Lcd_Out_column
0x0104	0x305F      	MOVLW      ?lstr7_MainMenu
0x0105	0x00E9      	MOVWF      FARG_Lcd_Out_text
0x0106	0x2063      	CALL       _Lcd_Out
0x0107	0x28F3      	GOTO       L_inputTime0
;MainMenu.c,126 :: 		}
L_end_inputTime:
0x0108	0x0008      	RETURN
; end of _inputTime
_inputDate:
;MainMenu.c,128 :: 		inputDate()   //Dummy function
;MainMenu.c,130 :: 		while(1){
L_inputDate2:
;MainMenu.c,131 :: 		Lcd_Cmd(_LCD_CLEAR);
0x0109	0x3001      	MOVLW      1
0x010A	0x1283      	BCF        STATUS, 5
0x010B	0x1703      	BSF        STATUS, 6
0x010C	0x00EC      	MOVWF      FARG_Lcd_Cmd_out_char
0x010D	0x201A      	CALL       _Lcd_Cmd
;MainMenu.c,132 :: 		Lcd_out(1,1, "Date Input Mode ");
0x010E	0x3001      	MOVLW      1
0x010F	0x1703      	BSF        STATUS, 6
0x0110	0x00E7      	MOVWF      FARG_Lcd_Out_row
0x0111	0x3001      	MOVLW      1
0x0112	0x00E8      	MOVWF      FARG_Lcd_Out_column
0x0113	0x304E      	MOVLW      ?lstr8_MainMenu
0x0114	0x00E9      	MOVWF      FARG_Lcd_Out_text
0x0115	0x2063      	CALL       _Lcd_Out
;MainMenu.c,133 :: 		Lcd_out(1,1, "It is working   ");}
0x0116	0x3001      	MOVLW      1
0x0117	0x00E7      	MOVWF      FARG_Lcd_Out_row
0x0118	0x3001      	MOVLW      1
0x0119	0x00E8      	MOVWF      FARG_Lcd_Out_column
0x011A	0x30B1      	MOVLW      ?lstr9_MainMenu
0x011B	0x00E9      	MOVWF      FARG_Lcd_Out_text
0x011C	0x2063      	CALL       _Lcd_Out
0x011D	0x2909      	GOTO       L_inputDate2
;MainMenu.c,134 :: 		}
L_end_inputDate:
0x011E	0x0008      	RETURN
; end of _inputDate
_____DoICP:
;__Lib_System.c,6 :: 		
;__Lib_System.c,9 :: 		
0x011F	0x1283      	BCF        STATUS, 5
0x0120	0x1703      	BSF        STATUS, 6
0x0121	0x085C      	MOVF       ___DoICPAddr+1, 0
0x0122	0x008A      	MOVWF      PCLATH
;__Lib_System.c,10 :: 		
0x0123	0x085B      	MOVF       ___DoICPAddr, 0
0x0124	0x0082      	MOVWF      PCL
;__Lib_System.c,12 :: 		
L_end_____DoICP:
0x0125	0x0008      	RETURN
; end of _____DoICP
_I2C1_Init:
;__Lib_I2C_c34.c,4 :: 		
;__Lib_I2C_c34.c,5 :: 		
0x0126	0x1683      	BSF        STATUS, 5
0x0127	0x1303      	BCF        STATUS, 6
0x0128	0x1314      	BCF        SSPSTAT, 6
;__Lib_I2C_c34.c,6 :: 		
0x0129	0x1394      	BCF        SSPSTAT, 7
;__Lib_I2C_c34.c,7 :: 		
0x012A	0x1607      	BSF        TRISC4_bit, BitPos(TRISC4_bit+0)
;__Lib_I2C_c34.c,8 :: 		
0x012B	0x1587      	BSF        TRISC3_bit, BitPos(TRISC3_bit+0)
;__Lib_I2C_c34.c,9 :: 		
0x012C	0x3038      	MOVLW      56
0x012D	0x1283      	BCF        STATUS, 5
0x012E	0x0094      	MOVWF      SSPCON
;__Lib_I2C_c34.c,11 :: 		
L_end_I2C1_Init:
0x012F	0x0008      	RETURN
; end of _I2C1_Init
_menuMain:
;MainMenu.c,238 :: 		void menuMain()
;MainMenu.c,240 :: 		Lcd_Init();                        // Initialize LCD
0x0130	0x20A4      	CALL       _Lcd_Init
;MainMenu.c,241 :: 		Lcd_Cmd(_LCD_CLEAR);               // Clear display
0x0131	0x3001      	MOVLW      1
0x0132	0x00EC      	MOVWF      FARG_Lcd_Cmd_out_char
0x0133	0x201A      	CALL       _Lcd_Cmd
;MainMenu.c,242 :: 		Lcd_Cmd(_LCD_CURSOR_OFF);          // Cursor off
0x0134	0x300C      	MOVLW      12
0x0135	0x1703      	BSF        STATUS, 6
0x0136	0x00EC      	MOVWF      FARG_Lcd_Cmd_out_char
0x0137	0x201A      	CALL       _Lcd_Cmd
;MainMenu.c,243 :: 		Lcd_out(1,1, "Edit Alarm:1|2|3"); Lcd_out(2,1, "Set: Time | Date");
0x0138	0x3001      	MOVLW      1
0x0139	0x1703      	BSF        STATUS, 6
0x013A	0x00E7      	MOVWF      FARG_Lcd_Out_row
0x013B	0x3001      	MOVLW      1
0x013C	0x00E8      	MOVWF      FARG_Lcd_Out_column
0x013D	0x303D      	MOVLW      ?lstr18_MainMenu
0x013E	0x00E9      	MOVWF      FARG_Lcd_Out_text
0x013F	0x2063      	CALL       _Lcd_Out
0x0140	0x3002      	MOVLW      2
0x0141	0x00E7      	MOVWF      FARG_Lcd_Out_row
0x0142	0x3001      	MOVLW      1
0x0143	0x00E8      	MOVWF      FARG_Lcd_Out_column
0x0144	0x302C      	MOVLW      ?lstr19_MainMenu
0x0145	0x00E9      	MOVWF      FARG_Lcd_Out_text
0x0146	0x2063      	CALL       _Lcd_Out
;MainMenu.c,245 :: 		loopcount = 0;
0x0147	0x01DD      	CLRF       _loopcount
0x0148	0x01DE      	CLRF       _loopcount+1
;MainMenu.c,246 :: 		while(1)
L_menuMain43:
;MainMenu.c,248 :: 		set = 0;
0x0149	0x1303      	BCF        STATUS, 6
0x014A	0x01AB      	CLRF       _set
;MainMenu.c,249 :: 		if(PORTA.F0 == 0)              //Mode Pressed
0x014B	0x1805      	BTFSC      PORTA, 0
0x014C	0x2963      	GOTO       L_menuMain45
;MainMenu.c,251 :: 		Delay_ms(100);
0x014D	0x3002      	MOVLW      2
0x014E	0x00FB      	MOVWF      R11
0x014F	0x3004      	MOVLW      4
0x0150	0x00FC      	MOVWF      R12
0x0151	0x30BA      	MOVLW      186
0x0152	0x00FD      	MOVWF      R13
L_menuMain46:
0x0153	0x0BFD      	DECFSZ     R13, 1
0x0154	0x2953      	GOTO       L_menuMain46
0x0155	0x0BFC      	DECFSZ     R12, 1
0x0156	0x2953      	GOTO       L_menuMain46
0x0157	0x0BFB      	DECFSZ     R11, 1
0x0158	0x2953      	GOTO       L_menuMain46
0x0159	0x0000      	NOP
;MainMenu.c,252 :: 		if(PORTA.F0 == 0)
0x015A	0x1805      	BTFSC      PORTA, 0
0x015B	0x2963      	GOTO       L_menuMain47
;MainMenu.c,254 :: 		set_count++;
0x015C	0x0AA0      	INCF       _set_count, 1
;MainMenu.c,255 :: 		if(set_count > 5)  set_count = 1;
0x015D	0x0820      	MOVF       _set_count, 0
0x015E	0x3C05      	SUBLW      5
0x015F	0x1803      	BTFSC      STATUS, 0
0x0160	0x2963      	GOTO       L_menuMain48
0x0161	0x3001      	MOVLW      1
0x0162	0x00A0      	MOVWF      _set_count
L_menuMain48:
;MainMenu.c,257 :: 		}
L_menuMain47:
;MainMenu.c,258 :: 		}
L_menuMain45:
;MainMenu.c,260 :: 		if(set_count)
0x0163	0x0820      	MOVF       _set_count, 0
0x0164	0x1903      	BTFSC      STATUS, 2
0x0165	0x2A3B      	GOTO       L_menuMain49
;MainMenu.c,262 :: 		if(PORTA.F1 == 0)
0x0166	0x1885      	BTFSC      PORTA, 1
0x0167	0x2979      	GOTO       L_menuMain50
;MainMenu.c,264 :: 		Delay_ms(100);
0x0168	0x3002      	MOVLW      2
0x0169	0x00FB      	MOVWF      R11
0x016A	0x3004      	MOVLW      4
0x016B	0x00FC      	MOVWF      R12
0x016C	0x30BA      	MOVLW      186
0x016D	0x00FD      	MOVWF      R13
L_menuMain51:
0x016E	0x0BFD      	DECFSZ     R13, 1
0x016F	0x296E      	GOTO       L_menuMain51
0x0170	0x0BFC      	DECFSZ     R12, 1
0x0171	0x296E      	GOTO       L_menuMain51
0x0172	0x0BFB      	DECFSZ     R11, 1
0x0173	0x296E      	GOTO       L_menuMain51
0x0174	0x0000      	NOP
;MainMenu.c,265 :: 		if(PORTA.F1 == 0)
0x0175	0x1885      	BTFSC      PORTA, 1
0x0176	0x2979      	GOTO       L_menuMain52
;MainMenu.c,266 :: 		set = 1;
0x0177	0x3001      	MOVLW      1
0x0178	0x00AB      	MOVWF      _set
L_menuMain52:
;MainMenu.c,267 :: 		}
L_menuMain50:
;MainMenu.c,269 :: 		if(PORTA.F2 == 0)
0x0179	0x1905      	BTFSC      PORTA, 2
0x017A	0x298C      	GOTO       L_menuMain53
;MainMenu.c,271 :: 		Delay_ms(100);
0x017B	0x3002      	MOVLW      2
0x017C	0x00FB      	MOVWF      R11
0x017D	0x3004      	MOVLW      4
0x017E	0x00FC      	MOVWF      R12
0x017F	0x30BA      	MOVLW      186
0x0180	0x00FD      	MOVWF      R13
L_menuMain54:
0x0181	0x0BFD      	DECFSZ     R13, 1
0x0182	0x2981      	GOTO       L_menuMain54
0x0183	0x0BFC      	DECFSZ     R12, 1
0x0184	0x2981      	GOTO       L_menuMain54
0x0185	0x0BFB      	DECFSZ     R11, 1
0x0186	0x2981      	GOTO       L_menuMain54
0x0187	0x0000      	NOP
;MainMenu.c,272 :: 		if(PORTA.F2 == 0)
0x0188	0x1905      	BTFSC      PORTA, 2
0x0189	0x298C      	GOTO       L_menuMain55
;MainMenu.c,273 :: 		set = -1;
0x018A	0x30FF      	MOVLW      255
0x018B	0x00AB      	MOVWF      _set
L_menuMain55:
;MainMenu.c,274 :: 		}
L_menuMain53:
;MainMenu.c,275 :: 		if(set_count && set)
0x018C	0x0820      	MOVF       _set_count, 0
0x018D	0x1903      	BTFSC      STATUS, 2
0x018E	0x29B6      	GOTO       L_menuMain58
0x018F	0x082B      	MOVF       _set, 0
0x0190	0x1903      	BTFSC      STATUS, 2
0x0191	0x29B6      	GOTO       L_menuMain58
L__menuMain89:
;MainMenu.c,277 :: 		switch(set_count)
0x0192	0x29A1      	GOTO       L_menuMain59
;MainMenu.c,279 :: 		case 1: // Alarm1
L_menuMain61:
;MainMenu.c,282 :: 		break;
0x0193	0x29B6      	GOTO       L_menuMain60
;MainMenu.c,283 :: 		case 2: //Alarm2
L_menuMain62:
;MainMenu.c,286 :: 		break;
0x0194	0x29B6      	GOTO       L_menuMain60
;MainMenu.c,287 :: 		case 3: //Alarm3
L_menuMain63:
;MainMenu.c,290 :: 		break;
0x0195	0x29B6      	GOTO       L_menuMain60
;MainMenu.c,291 :: 		case 4: //Time
L_menuMain64:
;MainMenu.c,292 :: 		inputTime(1, "Time:");
0x0196	0x3001      	MOVLW      1
0x0197	0x1703      	BSF        STATUS, 6
0x0198	0x00E4      	MOVWF      FARG_inputTime_mode
0x0199	0x3000      	MOVLW      0
0x019A	0x00E5      	MOVWF      FARG_inputTime_mode+1
0x019B	0x3025      	MOVLW      ?lstr20_MainMenu
0x019C	0x00E6      	MOVWF      FARG_inputTime_text
0x019D	0x20F3      	CALL       _inputTime
;MainMenu.c,294 :: 		break;
0x019E	0x29B6      	GOTO       L_menuMain60
;MainMenu.c,295 :: 		case 5: //Date
L_menuMain65:
;MainMenu.c,296 :: 		inputDate();
0x019F	0x2109      	CALL       _inputDate
;MainMenu.c,298 :: 		break;
0x01A0	0x29B6      	GOTO       L_menuMain60
;MainMenu.c,299 :: 		}
L_menuMain59:
0x01A1	0x1303      	BCF        STATUS, 6
0x01A2	0x0820      	MOVF       _set_count, 0
0x01A3	0x3A01      	XORLW      1
0x01A4	0x1903      	BTFSC      STATUS, 2
0x01A5	0x2993      	GOTO       L_menuMain61
0x01A6	0x0820      	MOVF       _set_count, 0
0x01A7	0x3A02      	XORLW      2
0x01A8	0x1903      	BTFSC      STATUS, 2
0x01A9	0x2994      	GOTO       L_menuMain62
0x01AA	0x0820      	MOVF       _set_count, 0
0x01AB	0x3A03      	XORLW      3
0x01AC	0x1903      	BTFSC      STATUS, 2
0x01AD	0x2995      	GOTO       L_menuMain63
0x01AE	0x0820      	MOVF       _set_count, 0
0x01AF	0x3A04      	XORLW      4
0x01B0	0x1903      	BTFSC      STATUS, 2
0x01B1	0x2996      	GOTO       L_menuMain64
0x01B2	0x0820      	MOVF       _set_count, 0
0x01B3	0x3A05      	XORLW      5
0x01B4	0x1903      	BTFSC      STATUS, 2
0x01B5	0x299F      	GOTO       L_menuMain65
L_menuMain60:
;MainMenu.c,301 :: 		}
L_menuMain58:
;MainMenu.c,306 :: 		loopcount++;
0x01B6	0x1703      	BSF        STATUS, 6
0x01B7	0x0ADD      	INCF       _loopcount, 1
0x01B8	0x1903      	BTFSC      STATUS, 2
0x01B9	0x0ADE      	INCF       _loopcount+1, 1
;MainMenu.c,307 :: 		if(loopcount > 10) loopcount = 0; // For blinking
0x01BA	0x3080      	MOVLW      128
0x01BB	0x00F0      	MOVWF      R0
0x01BC	0x3080      	MOVLW      128
0x01BD	0x065E      	XORWF      _loopcount+1, 0
0x01BE	0x0270      	SUBWF      R0, 0
0x01BF	0x1D03      	BTFSS      STATUS, 2
0x01C0	0x29C3      	GOTO       L__menuMain106
0x01C1	0x085D      	MOVF       _loopcount, 0
0x01C2	0x3C0A      	SUBLW      10
L__menuMain106:
0x01C3	0x1803      	BTFSC      STATUS, 0
0x01C4	0x29C7      	GOTO       L_menuMain66
0x01C5	0x01DD      	CLRF       _loopcount
0x01C6	0x01DE      	CLRF       _loopcount+1
L_menuMain66:
;MainMenu.c,308 :: 		if(loopcount < 5)
0x01C7	0x3080      	MOVLW      128
0x01C8	0x065E      	XORWF      _loopcount+1, 0
0x01C9	0x00F0      	MOVWF      R0
0x01CA	0x3080      	MOVLW      128
0x01CB	0x0270      	SUBWF      R0, 0
0x01CC	0x1D03      	BTFSS      STATUS, 2
0x01CD	0x29D0      	GOTO       L__menuMain107
0x01CE	0x3005      	MOVLW      5
0x01CF	0x025D      	SUBWF      _loopcount, 0
L__menuMain107:
0x01D0	0x1803      	BTFSC      STATUS, 0
0x01D1	0x29F6      	GOTO       L_menuMain67
;MainMenu.c,310 :: 		Lcd_out(1,12, "1");
0x01D2	0x3001      	MOVLW      1
0x01D3	0x00E7      	MOVWF      FARG_Lcd_Out_row
0x01D4	0x300C      	MOVLW      12
0x01D5	0x00E8      	MOVWF      FARG_Lcd_Out_column
0x01D6	0x3023      	MOVLW      ?lstr21_MainMenu
0x01D7	0x00E9      	MOVWF      FARG_Lcd_Out_text
0x01D8	0x2063      	CALL       _Lcd_Out
;MainMenu.c,311 :: 		Lcd_out(1,14, "2");
0x01D9	0x3001      	MOVLW      1
0x01DA	0x00E7      	MOVWF      FARG_Lcd_Out_row
0x01DB	0x300E      	MOVLW      14
0x01DC	0x00E8      	MOVWF      FARG_Lcd_Out_column
0x01DD	0x3021      	MOVLW      ?lstr22_MainMenu
0x01DE	0x00E9      	MOVWF      FARG_Lcd_Out_text
0x01DF	0x2063      	CALL       _Lcd_Out
;MainMenu.c,312 :: 		Lcd_out(1,16, "3");
0x01E0	0x3001      	MOVLW      1
0x01E1	0x00E7      	MOVWF      FARG_Lcd_Out_row
0x01E2	0x3010      	MOVLW      16
0x01E3	0x00E8      	MOVWF      FARG_Lcd_Out_column
0x01E4	0x30E8      	MOVLW      ?lstr23_MainMenu
0x01E5	0x00E9      	MOVWF      FARG_Lcd_Out_text
0x01E6	0x2063      	CALL       _Lcd_Out
;MainMenu.c,313 :: 		Lcd_out(2,6, "Time");
0x01E7	0x3002      	MOVLW      2
0x01E8	0x00E7      	MOVWF      FARG_Lcd_Out_row
0x01E9	0x3006      	MOVLW      6
0x01EA	0x00E8      	MOVWF      FARG_Lcd_Out_column
0x01EB	0x30E3      	MOVLW      ?lstr24_MainMenu
0x01EC	0x00E9      	MOVWF      FARG_Lcd_Out_text
0x01ED	0x2063      	CALL       _Lcd_Out
;MainMenu.c,314 :: 		Lcd_out(2,13, "Date");//                       Lcd_out(1,1, "Edit Alarm:1|2|3"); Lcd_out(2,1, "Set: Time | Date");
0x01EE	0x3002      	MOVLW      2
0x01EF	0x00E7      	MOVWF      FARG_Lcd_Out_row
0x01F0	0x300D      	MOVLW      13
0x01F1	0x00E8      	MOVWF      FARG_Lcd_Out_column
0x01F2	0x30DE      	MOVLW      ?lstr25_MainMenu
0x01F3	0x00E9      	MOVWF      FARG_Lcd_Out_text
0x01F4	0x2063      	CALL       _Lcd_Out
;MainMenu.c,315 :: 		}
0x01F5	0x2A3B      	GOTO       L_menuMain68
L_menuMain67:
;MainMenu.c,318 :: 		if      (set_count  ==1) Lcd_out(1,12, "_");
0x01F6	0x1303      	BCF        STATUS, 6
0x01F7	0x0820      	MOVF       _set_count, 0
0x01F8	0x3A01      	XORLW      1
0x01F9	0x1D03      	BTFSS      STATUS, 2
0x01FA	0x2A04      	GOTO       L_menuMain69
0x01FB	0x3001      	MOVLW      1
0x01FC	0x1703      	BSF        STATUS, 6
0x01FD	0x00E7      	MOVWF      FARG_Lcd_Out_row
0x01FE	0x300C      	MOVLW      12
0x01FF	0x00E8      	MOVWF      FARG_Lcd_Out_column
0x0200	0x30EA      	MOVLW      ?lstr26_MainMenu
0x0201	0x00E9      	MOVWF      FARG_Lcd_Out_text
0x0202	0x2063      	CALL       _Lcd_Out
0x0203	0x2A3B      	GOTO       L_menuMain70
L_menuMain69:
;MainMenu.c,319 :: 		else if (set_count  ==2) Lcd_out(1,14, "_");
0x0204	0x1303      	BCF        STATUS, 6
0x0205	0x0820      	MOVF       _set_count, 0
0x0206	0x3A02      	XORLW      2
0x0207	0x1D03      	BTFSS      STATUS, 2
0x0208	0x2A12      	GOTO       L_menuMain71
0x0209	0x3001      	MOVLW      1
0x020A	0x1703      	BSF        STATUS, 6
0x020B	0x00E7      	MOVWF      FARG_Lcd_Out_row
0x020C	0x300E      	MOVLW      14
0x020D	0x00E8      	MOVWF      FARG_Lcd_Out_column
0x020E	0x30EE      	MOVLW      ?lstr27_MainMenu
0x020F	0x00E9      	MOVWF      FARG_Lcd_Out_text
0x0210	0x2063      	CALL       _Lcd_Out
0x0211	0x2A3B      	GOTO       L_menuMain72
L_menuMain71:
;MainMenu.c,320 :: 		else if (set_count  ==3) Lcd_out(1,16, "_");
0x0212	0x1303      	BCF        STATUS, 6
0x0213	0x0820      	MOVF       _set_count, 0
0x0214	0x3A03      	XORLW      3
0x0215	0x1D03      	BTFSS      STATUS, 2
0x0216	0x2A20      	GOTO       L_menuMain73
0x0217	0x3001      	MOVLW      1
0x0218	0x1703      	BSF        STATUS, 6
0x0219	0x00E7      	MOVWF      FARG_Lcd_Out_row
0x021A	0x3010      	MOVLW      16
0x021B	0x00E8      	MOVWF      FARG_Lcd_Out_column
0x021C	0x30EC      	MOVLW      ?lstr28_MainMenu
0x021D	0x00E9      	MOVWF      FARG_Lcd_Out_text
0x021E	0x2063      	CALL       _Lcd_Out
0x021F	0x2A3B      	GOTO       L_menuMain74
L_menuMain73:
;MainMenu.c,321 :: 		else if (set_count  ==4) Lcd_out(2,6, "____");
0x0220	0x1303      	BCF        STATUS, 6
0x0221	0x0820      	MOVF       _set_count, 0
0x0222	0x3A04      	XORLW      4
0x0223	0x1D03      	BTFSS      STATUS, 2
0x0224	0x2A2E      	GOTO       L_menuMain75
0x0225	0x3002      	MOVLW      2
0x0226	0x1703      	BSF        STATUS, 6
0x0227	0x00E7      	MOVWF      FARG_Lcd_Out_row
0x0228	0x3006      	MOVLW      6
0x0229	0x00E8      	MOVWF      FARG_Lcd_Out_column
0x022A	0x3010      	MOVLW      ?lstr29_MainMenu
0x022B	0x00E9      	MOVWF      FARG_Lcd_Out_text
0x022C	0x2063      	CALL       _Lcd_Out
0x022D	0x2A3B      	GOTO       L_menuMain76
L_menuMain75:
;MainMenu.c,322 :: 		else if (set_count  ==5) Lcd_out(2,13, "____");
0x022E	0x1303      	BCF        STATUS, 6
0x022F	0x0820      	MOVF       _set_count, 0
0x0230	0x3A05      	XORLW      5
0x0231	0x1D03      	BTFSS      STATUS, 2
0x0232	0x2A3B      	GOTO       L_menuMain77
0x0233	0x3002      	MOVLW      2
0x0234	0x1703      	BSF        STATUS, 6
0x0235	0x00E7      	MOVWF      FARG_Lcd_Out_row
0x0236	0x300D      	MOVLW      13
0x0237	0x00E8      	MOVWF      FARG_Lcd_Out_column
0x0238	0x30D9      	MOVLW      ?lstr30_MainMenu
0x0239	0x00E9      	MOVWF      FARG_Lcd_Out_text
0x023A	0x2063      	CALL       _Lcd_Out
L_menuMain77:
L_menuMain76:
L_menuMain74:
L_menuMain72:
L_menuMain70:
;MainMenu.c,323 :: 		}
L_menuMain68:
;MainMenu.c,325 :: 		}
L_menuMain49:
;MainMenu.c,327 :: 		if(PORTA.F3 == 0)  // Break the while loop when menu pressed
0x023B	0x1303      	BCF        STATUS, 6
0x023C	0x1985      	BTFSC      PORTA, 3
0x023D	0x2A4E      	GOTO       L_menuMain78
;MainMenu.c,329 :: 		Delay_ms(100);
0x023E	0x3002      	MOVLW      2
0x023F	0x00FB      	MOVWF      R11
0x0240	0x3004      	MOVLW      4
0x0241	0x00FC      	MOVWF      R12
0x0242	0x30BA      	MOVLW      186
0x0243	0x00FD      	MOVWF      R13
L_menuMain79:
0x0244	0x0BFD      	DECFSZ     R13, 1
0x0245	0x2A44      	GOTO       L_menuMain79
0x0246	0x0BFC      	DECFSZ     R12, 1
0x0247	0x2A44      	GOTO       L_menuMain79
0x0248	0x0BFB      	DECFSZ     R11, 1
0x0249	0x2A44      	GOTO       L_menuMain79
0x024A	0x0000      	NOP
;MainMenu.c,330 :: 		if(PORTA.F3 == 0) break;
0x024B	0x1985      	BTFSC      PORTA, 3
0x024C	0x2A4E      	GOTO       L_menuMain80
0x024D	0x2A5C      	GOTO       L_menuMain44
L_menuMain80:
;MainMenu.c,331 :: 		}
L_menuMain78:
;MainMenu.c,332 :: 		Delay_ms(100);
0x024E	0x3002      	MOVLW      2
0x024F	0x00FB      	MOVWF      R11
0x0250	0x3004      	MOVLW      4
0x0251	0x00FC      	MOVWF      R12
0x0252	0x30BA      	MOVLW      186
0x0253	0x00FD      	MOVWF      R13
L_menuMain81:
0x0254	0x0BFD      	DECFSZ     R13, 1
0x0255	0x2A54      	GOTO       L_menuMain81
0x0256	0x0BFC      	DECFSZ     R12, 1
0x0257	0x2A54      	GOTO       L_menuMain81
0x0258	0x0BFB      	DECFSZ     R11, 1
0x0259	0x2A54      	GOTO       L_menuMain81
0x025A	0x0000      	NOP
;MainMenu.c,333 :: 		}
0x025B	0x2949      	GOTO       L_menuMain43
L_menuMain44:
;MainMenu.c,335 :: 		Lcd_Cmd(_LCD_CLEAR);
0x025C	0x3001      	MOVLW      1
0x025D	0x1703      	BSF        STATUS, 6
0x025E	0x00EC      	MOVWF      FARG_Lcd_Cmd_out_char
0x025F	0x201A      	CALL       _Lcd_Cmd
;MainMenu.c,336 :: 		set = 0;
0x0260	0x01AB      	CLRF       _set
;MainMenu.c,337 :: 		set_count = 0;
0x0261	0x01A0      	CLRF       _set_count
;MainMenu.c,338 :: 		loopcount = 0;
0x0262	0x1703      	BSF        STATUS, 6
0x0263	0x01DD      	CLRF       _loopcount
0x0264	0x01DE      	CLRF       _loopcount+1
;MainMenu.c,339 :: 		}
L_end_menuMain:
0x0265	0x0008      	RETURN
; end of _menuMain
___CC2DW:
;__Lib_System.c,134 :: 		
;__Lib_System.c,137 :: 		
_CC2D_Loop1:
;__Lib_System.c,139 :: 		
0x0266	0x211F      	CALL       _____DoICP
0x0267	0x118A      	BCF        PCLATH, 3
0x0268	0x120A      	BCF        PCLATH, 4
;__Lib_System.c,141 :: 		
0x0269	0x0080      	MOVWF      INDF
;__Lib_System.c,142 :: 		
0x026A	0x0A84      	INCF       FSR, 1
;__Lib_System.c,143 :: 		
0x026B	0x0ADB      	INCF       ___DoICPAddr, 1
;__Lib_System.c,145 :: 		
0x026C	0x1903      	BTFSC      STATUS, 2
;__Lib_System.c,146 :: 		
0x026D	0x0ADC      	INCF       ___DoICPAddr+1, 1
;__Lib_System.c,147 :: 		
0x026E	0x03F0      	DECF       R0, 1
;__Lib_System.c,149 :: 		
0x026F	0x1D03      	BTFSS      STATUS, 2
;__Lib_System.c,150 :: 		
0x0270	0x2A66      	GOTO       _CC2D_Loop1
;__Lib_System.c,152 :: 		
L_end___CC2DW:
0x0271	0x0008      	RETURN
; end of ___CC2DW
_main:
0x0272	0x23AC      	CALL       940
;MainMenu.c,342 :: 		void main()
;MainMenu.c,344 :: 		I2C1_Init(100000); //DS1307 I2C is running at 100KHz
0x0273	0x3014      	MOVLW      20
0x0274	0x1683      	BSF        STATUS, 5
0x0275	0x1303      	BCF        STATUS, 6
0x0276	0x0093      	MOVWF      SSPADD
0x0277	0x2126      	CALL       _I2C1_Init
;MainMenu.c,345 :: 		CMCON = 0x07;   // To turn off comparators
0x0278	0x3007      	MOVLW      7
0x0279	0x1683      	BSF        STATUS, 5
0x027A	0x009C      	MOVWF      CMCON
;MainMenu.c,346 :: 		ADCON1 = 0x06;  // To turn off analog to digital converters
0x027B	0x3006      	MOVLW      6
0x027C	0x009F      	MOVWF      ADCON1
;MainMenu.c,347 :: 		TRISA = 0xFF;   //Port A Set output
0x027D	0x30FF      	MOVLW      255
0x027E	0x0085      	MOVWF      TRISA
;MainMenu.c,348 :: 		PORTA = 0x00;
0x027F	0x1283      	BCF        STATUS, 5
0x0280	0x0185      	CLRF       PORTA
;MainMenu.c,350 :: 		Lcd_Init();                        // Initialize LCD
0x0281	0x20A4      	CALL       _Lcd_Init
;MainMenu.c,351 :: 		Lcd_Cmd(_LCD_CLEAR);               // Clear display
0x0282	0x3001      	MOVLW      1
0x0283	0x00EC      	MOVWF      FARG_Lcd_Cmd_out_char
0x0284	0x201A      	CALL       _Lcd_Cmd
;MainMenu.c,352 :: 		Lcd_Cmd(_LCD_CURSOR_OFF);          // Cursor off
0x0285	0x300C      	MOVLW      12
0x0286	0x1703      	BSF        STATUS, 6
0x0287	0x00EC      	MOVWF      FARG_Lcd_Cmd_out_char
0x0288	0x201A      	CALL       _Lcd_Cmd
;MainMenu.c,355 :: 		while(1)                                   //*********************Main Loop *****************************
L_main82:
;MainMenu.c,357 :: 		Lcd_out(1,1,"Initial New");
0x0289	0x3001      	MOVLW      1
0x028A	0x1703      	BSF        STATUS, 6
0x028B	0x00E7      	MOVWF      FARG_Lcd_Out_row
0x028C	0x3001      	MOVLW      1
0x028D	0x00E8      	MOVWF      FARG_Lcd_Out_column
0x028E	0x30CD      	MOVLW      ?lstr31_MainMenu
0x028F	0x00E9      	MOVWF      FARG_Lcd_Out_text
0x0290	0x2063      	CALL       _Lcd_Out
;MainMenu.c,358 :: 		Lcd_out(2,1,"Second New");
0x0291	0x3002      	MOVLW      2
0x0292	0x00E7      	MOVWF      FARG_Lcd_Out_row
0x0293	0x3001      	MOVLW      1
0x0294	0x00E8      	MOVWF      FARG_Lcd_Out_column
0x0295	0x30C2      	MOVLW      ?lstr32_MainMenu
0x0296	0x00E9      	MOVWF      FARG_Lcd_Out_text
0x0297	0x2063      	CALL       _Lcd_Out
;MainMenu.c,359 :: 		set = 0;
0x0298	0x1303      	BCF        STATUS, 6
0x0299	0x01AB      	CLRF       _set
;MainMenu.c,361 :: 		if(PORTA.F3 == 0)              //Menu Pressed
0x029A	0x1985      	BTFSC      PORTA, 3
0x029B	0x2AAC      	GOTO       L_main84
;MainMenu.c,363 :: 		Delay_ms(100);
0x029C	0x3002      	MOVLW      2
0x029D	0x00FB      	MOVWF      R11
0x029E	0x3004      	MOVLW      4
0x029F	0x00FC      	MOVWF      R12
0x02A0	0x30BA      	MOVLW      186
0x02A1	0x00FD      	MOVWF      R13
L_main85:
0x02A2	0x0BFD      	DECFSZ     R13, 1
0x02A3	0x2AA2      	GOTO       L_main85
0x02A4	0x0BFC      	DECFSZ     R12, 1
0x02A5	0x2AA2      	GOTO       L_main85
0x02A6	0x0BFB      	DECFSZ     R11, 1
0x02A7	0x2AA2      	GOTO       L_main85
0x02A8	0x0000      	NOP
;MainMenu.c,364 :: 		if(PORTA.F3 == 0)
0x02A9	0x1985      	BTFSC      PORTA, 3
0x02AA	0x2AAC      	GOTO       L_main86
;MainMenu.c,366 :: 		menuMain();
0x02AB	0x2130      	CALL       _menuMain
;MainMenu.c,367 :: 		}
L_main86:
;MainMenu.c,368 :: 		}
L_main84:
;MainMenu.c,370 :: 		Delay_ms(100);
0x02AC	0x3002      	MOVLW      2
0x02AD	0x00FB      	MOVWF      R11
0x02AE	0x3004      	MOVLW      4
0x02AF	0x00FC      	MOVWF      R12
0x02B0	0x30BA      	MOVLW      186
0x02B1	0x00FD      	MOVWF      R13
L_main87:
0x02B2	0x0BFD      	DECFSZ     R13, 1
0x02B3	0x2AB2      	GOTO       L_main87
0x02B4	0x0BFC      	DECFSZ     R12, 1
0x02B5	0x2AB2      	GOTO       L_main87
0x02B6	0x0BFB      	DECFSZ     R11, 1
0x02B7	0x2AB2      	GOTO       L_main87
0x02B8	0x0000      	NOP
;MainMenu.c,371 :: 		}
0x02B9	0x2A89      	GOTO       L_main82
;MainMenu.c,372 :: 		}
L_end_main:
0x02BA	0x2ABA      	GOTO       $+0
; end of _main
0x03AC	0x3020      	MOVLW      32
0x03AD	0x0084      	MOVWF      FSR
0x03AE	0x3050      	MOVLW      80
0x03AF	0x1283      	BCF        STATUS, 5
0x03B0	0x1303      	BCF        STATUS, 6
0x03B1	0x00F0      	MOVWF      R0
0x03B2	0x30C0      	MOVLW      192
0x03B3	0x1703      	BSF        STATUS, 6
0x03B4	0x00DB      	MOVWF      ___DoICPAddr
0x03B5	0x3002      	MOVLW      2
0x03B6	0x00DC      	MOVWF      348
0x03B7	0x2266      	CALL       614
0x03B8	0x30A0      	MOVLW      160
0x03B9	0x0084      	MOVWF      FSR
0x03BA	0x304C      	MOVLW      76
0x03BB	0x1303      	BCF        STATUS, 6
0x03BC	0x00F0      	MOVWF      R0
0x03BD	0x3010      	MOVLW      16
0x03BE	0x1703      	BSF        STATUS, 6
0x03BF	0x00DB      	MOVWF      ___DoICPAddr
0x03C0	0x3003      	MOVLW      3
0x03C1	0x00DC      	MOVWF      348
0x03C2	0x2266      	CALL       614
0x03C3	0x3010      	MOVLW      272
0x03C4	0x1783      	BSF        STATUS, 7
0x03C5	0x0084      	MOVWF      FSR
0x03C6	0x3005      	MOVLW      5
0x03C7	0x1303      	BCF        STATUS, 6
0x03C8	0x00F0      	MOVWF      R0
0x03C9	0x30A2      	MOVLW      162
0x03CA	0x1703      	BSF        STATUS, 6
0x03CB	0x00DB      	MOVWF      ___DoICPAddr
0x03CC	0x3003      	MOVLW      3
0x03CD	0x00DC      	MOVWF      348
0x03CE	0x2266      	CALL       614
0x03CF	0x1383      	BCF        STATUS, 7
0x03D0	0x30EC      	MOVLW      236
0x03D1	0x0084      	MOVWF      FSR
0x03D2	0x3004      	MOVLW      4
0x03D3	0x1303      	BCF        STATUS, 6
0x03D4	0x00F0      	MOVWF      R0
0x03D5	0x30A7      	MOVLW      167
0x03D6	0x1703      	BSF        STATUS, 6
0x03D7	0x00DB      	MOVWF      ___DoICPAddr
0x03D8	0x3003      	MOVLW      3
0x03D9	0x00DC      	MOVWF      348
0x03DA	0x2266      	CALL       614
0x03DB	0x3015      	MOVLW      277
0x03DC	0x1783      	BSF        STATUS, 7
0x03DD	0x0084      	MOVWF      FSR
0x03DE	0x3046      	MOVLW      70
0x03DF	0x1303      	BCF        STATUS, 6
0x03E0	0x00F0      	MOVWF      R0
0x03E1	0x305C      	MOVLW      92
0x03E2	0x1703      	BSF        STATUS, 6
0x03E3	0x00DB      	MOVWF      ___DoICPAddr
0x03E4	0x3003      	MOVLW      3
0x03E5	0x00DC      	MOVWF      348
0x03E6	0x2266      	CALL       614
0x03E7	0x1383      	BCF        STATUS, 7
0x03E8	0x0008      	RETURN
;MainMenu.c,0 :: ?ICS_set_count
0x02C0	0x3400 ;?ICS_set_count+0
; end of ?ICS_set_count
;MainMenu.c,0 :: ?ICS?lstr22_MainMenu
0x02C1	0x3432 ;?ICS?lstr22_MainMenu+0
0x02C2	0x3400 ;?ICS?lstr22_MainMenu+1
; end of ?ICS?lstr22_MainMenu
;MainMenu.c,0 :: ?ICS?lstr21_MainMenu
0x02C3	0x3431 ;?ICS?lstr21_MainMenu+0
0x02C4	0x3400 ;?ICS?lstr21_MainMenu+1
; end of ?ICS?lstr21_MainMenu
;MainMenu.c,0 :: ?ICS?lstr20_MainMenu
0x02C5	0x3454 ;?ICS?lstr20_MainMenu+0
0x02C6	0x3469 ;?ICS?lstr20_MainMenu+1
0x02C7	0x346D ;?ICS?lstr20_MainMenu+2
0x02C8	0x3465 ;?ICS?lstr20_MainMenu+3
0x02C9	0x343A ;?ICS?lstr20_MainMenu+4
0x02CA	0x3400 ;?ICS?lstr20_MainMenu+5
; end of ?ICS?lstr20_MainMenu
;MainMenu.c,0 :: ?ICS_set
0x02CB	0x3400 ;?ICS_set+0
; end of ?ICS_set
;MainMenu.c,0 :: ?ICS?lstr19_MainMenu
0x02CC	0x3453 ;?ICS?lstr19_MainMenu+0
0x02CD	0x3465 ;?ICS?lstr19_MainMenu+1
0x02CE	0x3474 ;?ICS?lstr19_MainMenu+2
0x02CF	0x343A ;?ICS?lstr19_MainMenu+3
0x02D0	0x3420 ;?ICS?lstr19_MainMenu+4
0x02D1	0x3454 ;?ICS?lstr19_MainMenu+5
0x02D2	0x3469 ;?ICS?lstr19_MainMenu+6
0x02D3	0x346D ;?ICS?lstr19_MainMenu+7
0x02D4	0x3465 ;?ICS?lstr19_MainMenu+8
0x02D5	0x3420 ;?ICS?lstr19_MainMenu+9
0x02D6	0x347C ;?ICS?lstr19_MainMenu+10
0x02D7	0x3420 ;?ICS?lstr19_MainMenu+11
0x02D8	0x3444 ;?ICS?lstr19_MainMenu+12
0x02D9	0x3461 ;?ICS?lstr19_MainMenu+13
0x02DA	0x3474 ;?ICS?lstr19_MainMenu+14
0x02DB	0x3465 ;?ICS?lstr19_MainMenu+15
0x02DC	0x3400 ;?ICS?lstr19_MainMenu+16
; end of ?ICS?lstr19_MainMenu
;MainMenu.c,0 :: ?ICS?lstr18_MainMenu
0x02DD	0x3445 ;?ICS?lstr18_MainMenu+0
0x02DE	0x3464 ;?ICS?lstr18_MainMenu+1
0x02DF	0x3469 ;?ICS?lstr18_MainMenu+2
0x02E0	0x3474 ;?ICS?lstr18_MainMenu+3
0x02E1	0x3420 ;?ICS?lstr18_MainMenu+4
0x02E2	0x3441 ;?ICS?lstr18_MainMenu+5
0x02E3	0x346C ;?ICS?lstr18_MainMenu+6
0x02E4	0x3461 ;?ICS?lstr18_MainMenu+7
0x02E5	0x3472 ;?ICS?lstr18_MainMenu+8
0x02E6	0x346D ;?ICS?lstr18_MainMenu+9
0x02E7	0x343A ;?ICS?lstr18_MainMenu+10
0x02E8	0x3431 ;?ICS?lstr18_MainMenu+11
0x02E9	0x347C ;?ICS?lstr18_MainMenu+12
0x02EA	0x3432 ;?ICS?lstr18_MainMenu+13
0x02EB	0x347C ;?ICS?lstr18_MainMenu+14
0x02EC	0x3433 ;?ICS?lstr18_MainMenu+15
0x02ED	0x3400 ;?ICS?lstr18_MainMenu+16
; end of ?ICS?lstr18_MainMenu
;MainMenu.c,0 :: ?ICS?lstr8_MainMenu
0x02EE	0x3444 ;?ICS?lstr8_MainMenu+0
0x02EF	0x3461 ;?ICS?lstr8_MainMenu+1
0x02F0	0x3474 ;?ICS?lstr8_MainMenu+2
0x02F1	0x3465 ;?ICS?lstr8_MainMenu+3
0x02F2	0x3420 ;?ICS?lstr8_MainMenu+4
0x02F3	0x3449 ;?ICS?lstr8_MainMenu+5
0x02F4	0x346E ;?ICS?lstr8_MainMenu+6
0x02F5	0x3470 ;?ICS?lstr8_MainMenu+7
0x02F6	0x3475 ;?ICS?lstr8_MainMenu+8
0x02F7	0x3474 ;?ICS?lstr8_MainMenu+9
0x02F8	0x3420 ;?ICS?lstr8_MainMenu+10
0x02F9	0x344D ;?ICS?lstr8_MainMenu+11
0x02FA	0x346F ;?ICS?lstr8_MainMenu+12
0x02FB	0x3464 ;?ICS?lstr8_MainMenu+13
0x02FC	0x3465 ;?ICS?lstr8_MainMenu+14
0x02FD	0x3420 ;?ICS?lstr8_MainMenu+15
0x02FE	0x3400 ;?ICS?lstr8_MainMenu+16
; end of ?ICS?lstr8_MainMenu
;MainMenu.c,0 :: ?ICS?lstr7_MainMenu
0x02FF	0x3449 ;?ICS?lstr7_MainMenu+0
0x0300	0x3474 ;?ICS?lstr7_MainMenu+1
0x0301	0x3420 ;?ICS?lstr7_MainMenu+2
0x0302	0x3469 ;?ICS?lstr7_MainMenu+3
0x0303	0x3473 ;?ICS?lstr7_MainMenu+4
0x0304	0x3420 ;?ICS?lstr7_MainMenu+5
0x0305	0x3477 ;?ICS?lstr7_MainMenu+6
0x0306	0x346F ;?ICS?lstr7_MainMenu+7
0x0307	0x3472 ;?ICS?lstr7_MainMenu+8
0x0308	0x346B ;?ICS?lstr7_MainMenu+9
0x0309	0x3469 ;?ICS?lstr7_MainMenu+10
0x030A	0x346E ;?ICS?lstr7_MainMenu+11
0x030B	0x3467 ;?ICS?lstr7_MainMenu+12
0x030C	0x3420 ;?ICS?lstr7_MainMenu+13
0x030D	0x3420 ;?ICS?lstr7_MainMenu+14
0x030E	0x3420 ;?ICS?lstr7_MainMenu+15
0x030F	0x3400 ;?ICS?lstr7_MainMenu+16
; end of ?ICS?lstr7_MainMenu
;MainMenu.c,0 :: ?ICS?lstr6_MainMenu
0x0310	0x3454 ;?ICS?lstr6_MainMenu+0
0x0311	0x3469 ;?ICS?lstr6_MainMenu+1
0x0312	0x346D ;?ICS?lstr6_MainMenu+2
0x0313	0x3465 ;?ICS?lstr6_MainMenu+3
0x0314	0x3420 ;?ICS?lstr6_MainMenu+4
0x0315	0x3449 ;?ICS?lstr6_MainMenu+5
0x0316	0x346E ;?ICS?lstr6_MainMenu+6
0x0317	0x3470 ;?ICS?lstr6_MainMenu+7
0x0318	0x3475 ;?ICS?lstr6_MainMenu+8
0x0319	0x3474 ;?ICS?lstr6_MainMenu+9
0x031A	0x3420 ;?ICS?lstr6_MainMenu+10
0x031B	0x344D ;?ICS?lstr6_MainMenu+11
0x031C	0x346F ;?ICS?lstr6_MainMenu+12
0x031D	0x3464 ;?ICS?lstr6_MainMenu+13
0x031E	0x3465 ;?ICS?lstr6_MainMenu+14
0x031F	0x3420 ;?ICS?lstr6_MainMenu+15
0x0320	0x3400 ;?ICS?lstr6_MainMenu+16
; end of ?ICS?lstr6_MainMenu
;MainMenu.c,0 :: ?ICS?lstr9_MainMenu
0x0321	0x3449 ;?ICS?lstr9_MainMenu+0
0x0322	0x3474 ;?ICS?lstr9_MainMenu+1
0x0323	0x3420 ;?ICS?lstr9_MainMenu+2
0x0324	0x3469 ;?ICS?lstr9_MainMenu+3
0x0325	0x3473 ;?ICS?lstr9_MainMenu+4
0x0326	0x3420 ;?ICS?lstr9_MainMenu+5
0x0327	0x3477 ;?ICS?lstr9_MainMenu+6
0x0328	0x346F ;?ICS?lstr9_MainMenu+7
0x0329	0x3472 ;?ICS?lstr9_MainMenu+8
0x032A	0x346B ;?ICS?lstr9_MainMenu+9
0x032B	0x3469 ;?ICS?lstr9_MainMenu+10
0x032C	0x346E ;?ICS?lstr9_MainMenu+11
0x032D	0x3467 ;?ICS?lstr9_MainMenu+12
0x032E	0x3420 ;?ICS?lstr9_MainMenu+13
0x032F	0x3420 ;?ICS?lstr9_MainMenu+14
0x0330	0x3420 ;?ICS?lstr9_MainMenu+15
0x0331	0x3400 ;?ICS?lstr9_MainMenu+16
; end of ?ICS?lstr9_MainMenu
;MainMenu.c,0 :: ?ICS?lstr32_MainMenu
0x0332	0x3453 ;?ICS?lstr32_MainMenu+0
0x0333	0x3465 ;?ICS?lstr32_MainMenu+1
0x0334	0x3463 ;?ICS?lstr32_MainMenu+2
0x0335	0x346F ;?ICS?lstr32_MainMenu+3
0x0336	0x346E ;?ICS?lstr32_MainMenu+4
0x0337	0x3464 ;?ICS?lstr32_MainMenu+5
0x0338	0x3420 ;?ICS?lstr32_MainMenu+6
0x0339	0x344E ;?ICS?lstr32_MainMenu+7
0x033A	0x3465 ;?ICS?lstr32_MainMenu+8
0x033B	0x3477 ;?ICS?lstr32_MainMenu+9
0x033C	0x3400 ;?ICS?lstr32_MainMenu+10
; end of ?ICS?lstr32_MainMenu
;MainMenu.c,0 :: ?ICS?lstr31_MainMenu
0x033D	0x3449 ;?ICS?lstr31_MainMenu+0
0x033E	0x346E ;?ICS?lstr31_MainMenu+1
0x033F	0x3469 ;?ICS?lstr31_MainMenu+2
0x0340	0x3474 ;?ICS?lstr31_MainMenu+3
0x0341	0x3469 ;?ICS?lstr31_MainMenu+4
0x0342	0x3461 ;?ICS?lstr31_MainMenu+5
0x0343	0x346C ;?ICS?lstr31_MainMenu+6
0x0344	0x3420 ;?ICS?lstr31_MainMenu+7
0x0345	0x344E ;?ICS?lstr31_MainMenu+8
0x0346	0x3465 ;?ICS?lstr31_MainMenu+9
0x0347	0x3477 ;?ICS?lstr31_MainMenu+10
0x0348	0x3400 ;?ICS?lstr31_MainMenu+11
; end of ?ICS?lstr31_MainMenu
;MainMenu.c,0 :: ?ICS?lstr30_MainMenu
0x0349	0x345F ;?ICS?lstr30_MainMenu+0
0x034A	0x345F ;?ICS?lstr30_MainMenu+1
0x034B	0x345F ;?ICS?lstr30_MainMenu+2
0x034C	0x345F ;?ICS?lstr30_MainMenu+3
0x034D	0x3400 ;?ICS?lstr30_MainMenu+4
; end of ?ICS?lstr30_MainMenu
;MainMenu.c,0 :: ?ICS?lstr25_MainMenu
0x034E	0x3444 ;?ICS?lstr25_MainMenu+0
0x034F	0x3461 ;?ICS?lstr25_MainMenu+1
0x0350	0x3474 ;?ICS?lstr25_MainMenu+2
0x0351	0x3465 ;?ICS?lstr25_MainMenu+3
0x0352	0x3400 ;?ICS?lstr25_MainMenu+4
; end of ?ICS?lstr25_MainMenu
;MainMenu.c,0 :: ?ICS?lstr24_MainMenu
0x0353	0x3454 ;?ICS?lstr24_MainMenu+0
0x0354	0x3469 ;?ICS?lstr24_MainMenu+1
0x0355	0x346D ;?ICS?lstr24_MainMenu+2
0x0356	0x3465 ;?ICS?lstr24_MainMenu+3
0x0357	0x3400 ;?ICS?lstr24_MainMenu+4
; end of ?ICS?lstr24_MainMenu
;MainMenu.c,0 :: ?ICS?lstr23_MainMenu
0x0358	0x3433 ;?ICS?lstr23_MainMenu+0
0x0359	0x3400 ;?ICS?lstr23_MainMenu+1
; end of ?ICS?lstr23_MainMenu
;MainMenu.c,0 :: ?ICS?lstr26_MainMenu
0x035A	0x345F ;?ICS?lstr26_MainMenu+0
0x035B	0x3400 ;?ICS?lstr26_MainMenu+1
; end of ?ICS?lstr26_MainMenu
;MainMenu.c,0 :: ?ICS?lstr5_MainMenu
0x035C	0x3453 ;?ICS?lstr5_MainMenu+0
0x035D	0x346E ;?ICS?lstr5_MainMenu+1
0x035E	0x346F ;?ICS?lstr5_MainMenu+2
0x035F	0x346F ;?ICS?lstr5_MainMenu+3
0x0360	0x347A ;?ICS?lstr5_MainMenu+4
0x0361	0x3465 ;?ICS?lstr5_MainMenu+5
0x0362	0x343A ;?ICS?lstr5_MainMenu+6
0x0363	0x345F ;?ICS?lstr5_MainMenu+7
0x0364	0x345F ;?ICS?lstr5_MainMenu+8
0x0365	0x347C ;?ICS?lstr5_MainMenu+9
0x0366	0x3454 ;?ICS?lstr5_MainMenu+10
0x0367	0x3475 ;?ICS?lstr5_MainMenu+11
0x0368	0x346E ;?ICS?lstr5_MainMenu+12
0x0369	0x3465 ;?ICS?lstr5_MainMenu+13
0x036A	0x343A ;?ICS?lstr5_MainMenu+14
0x036B	0x345F ;?ICS?lstr5_MainMenu+15
0x036C	0x3400 ;?ICS?lstr5_MainMenu+16
; end of ?ICS?lstr5_MainMenu
;MainMenu.c,0 :: ?ICS?lstr2_MainMenu
0x036D	0x3430 ;?ICS?lstr2_MainMenu+0
0x036E	0x3430 ;?ICS?lstr2_MainMenu+1
0x036F	0x343A ;?ICS?lstr2_MainMenu+2
0x0370	0x3430 ;?ICS?lstr2_MainMenu+3
0x0371	0x3430 ;?ICS?lstr2_MainMenu+4
0x0372	0x343A ;?ICS?lstr2_MainMenu+5
0x0373	0x3430 ;?ICS?lstr2_MainMenu+6
0x0374	0x3430 ;?ICS?lstr2_MainMenu+7
0x0375	0x3420 ;?ICS?lstr2_MainMenu+8
0x0376	0x3450 ;?ICS?lstr2_MainMenu+9
0x0377	0x344D ;?ICS?lstr2_MainMenu+10
0x0378	0x3400 ;?ICS?lstr2_MainMenu+11
; end of ?ICS?lstr2_MainMenu
;MainMenu.c,0 :: ?ICS?lstr1_MainMenu
0x0379	0x3430 ;?ICS?lstr1_MainMenu+0
0x037A	0x3430 ;?ICS?lstr1_MainMenu+1
0x037B	0x343A ;?ICS?lstr1_MainMenu+2
0x037C	0x3430 ;?ICS?lstr1_MainMenu+3
0x037D	0x3430 ;?ICS?lstr1_MainMenu+4
0x037E	0x343A ;?ICS?lstr1_MainMenu+5
0x037F	0x3430 ;?ICS?lstr1_MainMenu+6
0x0380	0x3430 ;?ICS?lstr1_MainMenu+7
0x0381	0x3420 ;?ICS?lstr1_MainMenu+8
0x0382	0x3450 ;?ICS?lstr1_MainMenu+9
0x0383	0x344D ;?ICS?lstr1_MainMenu+10
0x0384	0x3400 ;?ICS?lstr1_MainMenu+11
; end of ?ICS?lstr1_MainMenu
;MainMenu.c,0 :: ?ICS?lstr4_MainMenu
0x0385	0x3441 ;?ICS?lstr4_MainMenu+0
0x0386	0x346C ;?ICS?lstr4_MainMenu+1
0x0387	0x3461 ;?ICS?lstr4_MainMenu+2
0x0388	0x3472 ;?ICS?lstr4_MainMenu+3
0x0389	0x346D ;?ICS?lstr4_MainMenu+4
0x038A	0x342D ;?ICS?lstr4_MainMenu+5
0x038B	0x3431 ;?ICS?lstr4_MainMenu+6
0x038C	0x343A ;?ICS?lstr4_MainMenu+7
0x038D	0x344F ;?ICS?lstr4_MainMenu+8
0x038E	0x345F ;?ICS?lstr4_MainMenu+9
0x038F	0x3420 ;?ICS?lstr4_MainMenu+10
0x0390	0x347C ;?ICS?lstr4_MainMenu+11
0x0391	0x3454 ;?ICS?lstr4_MainMenu+12
0x0392	0x3469 ;?ICS?lstr4_MainMenu+13
0x0393	0x346D ;?ICS?lstr4_MainMenu+14
0x0394	0x3465 ;?ICS?lstr4_MainMenu+15
0x0395	0x3400 ;?ICS?lstr4_MainMenu+16
; end of ?ICS?lstr4_MainMenu
;MainMenu.c,0 :: ?ICS?lstr3_MainMenu
0x0396	0x3430 ;?ICS?lstr3_MainMenu+0
0x0397	0x3430 ;?ICS?lstr3_MainMenu+1
0x0398	0x343A ;?ICS?lstr3_MainMenu+2
0x0399	0x3430 ;?ICS?lstr3_MainMenu+3
0x039A	0x3430 ;?ICS?lstr3_MainMenu+4
0x039B	0x343A ;?ICS?lstr3_MainMenu+5
0x039C	0x3430 ;?ICS?lstr3_MainMenu+6
0x039D	0x3430 ;?ICS?lstr3_MainMenu+7
0x039E	0x3420 ;?ICS?lstr3_MainMenu+8
0x039F	0x3450 ;?ICS?lstr3_MainMenu+9
0x03A0	0x344D ;?ICS?lstr3_MainMenu+10
0x03A1	0x3400 ;?ICS?lstr3_MainMenu+11
; end of ?ICS?lstr3_MainMenu
;MainMenu.c,0 :: ?ICS?lstr29_MainMenu
0x03A2	0x345F ;?ICS?lstr29_MainMenu+0
0x03A3	0x345F ;?ICS?lstr29_MainMenu+1
0x03A4	0x345F ;?ICS?lstr29_MainMenu+2
0x03A5	0x345F ;?ICS?lstr29_MainMenu+3
0x03A6	0x3400 ;?ICS?lstr29_MainMenu+4
; end of ?ICS?lstr29_MainMenu
;MainMenu.c,0 :: ?ICS?lstr28_MainMenu
0x03A7	0x345F ;?ICS?lstr28_MainMenu+0
0x03A8	0x3400 ;?ICS?lstr28_MainMenu+1
; end of ?ICS?lstr28_MainMenu
;MainMenu.c,0 :: ?ICS?lstr27_MainMenu
0x03A9	0x345F ;?ICS?lstr27_MainMenu+0
0x03AA	0x3400 ;?ICS?lstr27_MainMenu+1
; end of ?ICS?lstr27_MainMenu
Symbol List:
//** Routines locations **
//ADDRESS    SIZE    PROCEDURE
//----------------------------------------------
0x0003       [7]    _Delay_50us
0x000A       [3]    _Delay_1us
0x000D      [13]    _Delay_5500us
0x001A      [64]    _Lcd_Cmd
0x005A       [9]    _Lcd_Chr_CP
0x0063      [65]    _Lcd_Out
0x00A4      [79]    _Lcd_Init
0x00F3      [22]    _inputTime
0x0109      [22]    _inputDate
0x011F       [7]    _____DoICP
0x0126      [10]    _I2C1_Init
0x0130     [310]    _menuMain
0x0266      [12]    ___CC2DW
0x0272      [72]    _main
//** Variables locations ** 
//ADDRESS    SIZE    VARIABLE
//----------------------------------------------
0x0000       [1]    INDF
0x0002       [1]    PCL
0x0003       [1]    STATUS
0x0004       [1]    FSR
0x0005       [1]    PORTA
0x0006       [0]    RB3_bit
0x0006       [0]    RB2_bit
0x0006       [0]    RB4_bit
0x0006       [0]    RB7_bit
0x0006       [0]    RB6_bit
0x0006       [0]    RB5_bit
0x0006       [0]    LCD_D6
0x0006       [0]    LCD_D7
0x0006       [0]    LCD_D5
0x0006       [0]    LCD_RS
0x0006       [0]    LCD_EN
0x0006       [0]    LCD_D4
0x000A       [1]    PCLATH
0x0014       [1]    SSPCON
0x0020       [1]    _set_count
0x0021       [2]    ?lstr22_MainMenu
0x0023       [2]    ?lstr21_MainMenu
0x0025       [6]    ?lstr20_MainMenu
0x002B       [1]    _set
0x002C      [17]    ?lstr19_MainMenu
0x003D      [17]    ?lstr18_MainMenu
0x004E      [17]    ?lstr8_MainMenu
0x005F      [17]    ?lstr7_MainMenu
0x0070       [1]    R0
0x0071       [1]    R1
0x0072       [1]    R2
0x0073       [1]    R3
0x0074       [1]    R4
0x0075       [1]    R5
0x0076       [1]    R6
0x0077       [1]    R7
0x0078       [1]    R8
0x0079       [1]    R9
0x007A       [1]    R10
0x007B       [1]    R11
0x007C       [1]    R12
0x007D       [1]    R13
0x007E       [1]    R14
0x007F       [1]    R15
0x0085       [1]    TRISA
0x0086       [0]    TRISB6_bit
0x0086       [0]    TRISB3_bit
0x0086       [0]    TRISB7_bit
0x0086       [0]    TRISB2_bit
0x0086       [0]    TRISB4_bit
0x0086       [0]    LCD_EN_Direction
0x0086       [0]    LCD_D5_Direction
0x0086       [0]    LCD_D4_Direction
0x0086       [0]    LCD_D7_Direction
0x0086       [0]    TRISB5_bit
0x0086       [0]    LCD_RS_Direction
0x0086       [0]    LCD_D6_Direction
0x0087       [0]    TRISC4_bit
0x0087       [0]    TRISC3_bit
0x0093       [1]    SSPADD
0x0094       [1]    SSPSTAT
0x009C       [1]    CMCON
0x009F       [1]    ADCON1
0x00A0      [17]    ?lstr6_MainMenu
0x00B1      [17]    ?lstr9_MainMenu
0x00C2      [11]    ?lstr32_MainMenu
0x00CD      [12]    ?lstr31_MainMenu
0x00D9       [5]    ?lstr30_MainMenu
0x00DE       [5]    ?lstr25_MainMenu
0x00E3       [5]    ?lstr24_MainMenu
0x00E8       [2]    ?lstr23_MainMenu
0x00EA       [2]    ?lstr26_MainMenu
0x00EC       [2]    ?lstr28_MainMenu
0x00EE       [2]    ?lstr27_MainMenu
0x0110       [5]    ?lstr29_MainMenu
0x0115      [17]    ?lstr5_MainMenu
0x0126      [12]    ?lstr2_MainMenu
0x0132      [12]    ?lstr1_MainMenu
0x013E      [17]    ?lstr4_MainMenu
0x014F      [12]    ?lstr3_MainMenu
0x015B       [2]    ___DoICPAddr
0x015D       [2]    _loopcount
0x015F       [0]    __Lib_Lcd_cmd_status
0x0160       [4]    FARG_I2C1_Init_clock
0x0164       [2]    FARG_inputTime_mode
0x0166       [1]    FARG_inputTime_text
0x0167       [1]    FARG_Lcd_Out_row
0x0168       [1]    FARG_Lcd_Out_column
0x0169       [1]    FARG_Lcd_Out_text
0x016A       [1]    Lcd_Out_i_L0
0x016B       [1]    FARG_Lcd_Chr_CP_out_char
0x016C       [1]    FARG_Lcd_Cmd_out_char
//** Constants locations ** 
//ADDRESS    SIZE    CONSTANT
//----------------------------------------------
0x02C0       [1]    ?ICS_set_count
0x02C1       [2]    ?ICS?lstr22_MainMenu
0x02C3       [2]    ?ICS?lstr21_MainMenu
0x02C5       [6]    ?ICS?lstr20_MainMenu
0x02CB       [1]    ?ICS_set
0x02CC      [17]    ?ICS?lstr19_MainMenu
0x02DD      [17]    ?ICS?lstr18_MainMenu
0x02EE      [17]    ?ICS?lstr8_MainMenu
0x02FF      [17]    ?ICS?lstr7_MainMenu
0x0310      [17]    ?ICS?lstr6_MainMenu
0x0321      [17]    ?ICS?lstr9_MainMenu
0x0332      [11]    ?ICS?lstr32_MainMenu
0x033D      [12]    ?ICS?lstr31_MainMenu
0x0349       [5]    ?ICS?lstr30_MainMenu
0x034E       [5]    ?ICS?lstr25_MainMenu
0x0353       [5]    ?ICS?lstr24_MainMenu
0x0358       [2]    ?ICS?lstr23_MainMenu
0x035A       [2]    ?ICS?lstr26_MainMenu
0x035C      [17]    ?ICS?lstr5_MainMenu
0x036D      [12]    ?ICS?lstr2_MainMenu
0x0379      [12]    ?ICS?lstr1_MainMenu
0x0385      [17]    ?ICS?lstr4_MainMenu
0x0396      [12]    ?ICS?lstr3_MainMenu
0x03A2       [5]    ?ICS?lstr29_MainMenu
0x03A7       [2]    ?ICS?lstr28_MainMenu
0x03A9       [2]    ?ICS?lstr27_MainMenu
